<?xml version="1.0" encoding="UTF-8"?>
<!-- Generated by org.testng.reporters.JUnitReportReporter -->
<testsuite skipped="0" hostname="chilhoanPC" name="com.herokuapp.theinternet.NegativeTests" tests="2" failures="0" timestamp="17 Jul 2022 12:58:09 GMT" time="5.819" errors="0">
  <testcase name="negativeLoginTest" time="2.611" classname="com.herokuapp.theinternet.NegativeTests"/>
  <testcase name="negativeLoginTest" time="3.208" classname="com.herokuapp.theinternet.NegativeTests"/>
</testsuite> <!-- com.herokuapp.theinternet.NegativeTests -->
