<?xml version="1.0" encoding="UTF-8"?>
<!-- Generated by org.testng.reporters.JUnitReportReporter -->
<testsuite skipped="0" hostname="chilhoanPC" name="com.herokuapp.theinternet.LoginTest" tests="3" failures="0" timestamp="17 Jul 2022 14:05:33 GMT" time="18.424" errors="0">
  <testcase name="positiveLoginTest" time="13.148" classname="com.herokuapp.theinternet.LoginTest"/>
  <testcase name="negativeLoginTest" time="2.662" classname="com.herokuapp.theinternet.LoginTest"/>
  <testcase name="negativeLoginTest" time="2.614" classname="com.herokuapp.theinternet.LoginTest"/>
</testsuite> <!-- com.herokuapp.theinternet.LoginTest -->
