<?xml version="1.0" encoding="UTF-8"?>
<!-- Generated by org.testng.reporters.JUnitReportReporter -->
<testsuite skipped="0" hostname="chilhoanPC" name="com.herokuapp.theinternet.PostiveTests" tests="1" failures="0" timestamp="17 Jul 2022 01:51:17 GMT" time="13.015" errors="0">
  <testcase name="loginTest" time="13.015" classname="com.herokuapp.theinternet.PostiveTests"/>
</testsuite> <!-- com.herokuapp.theinternet.PostiveTests -->
